<?xml version="1.0"?><coverage lines-covered="1435" lines-valid="1608" line-rate="0.8924129353233831" branches-covered="0" branches-valid="0" branch-rate="0" complexity="0" version="1.9" timestamp="1767157249"><sources><source>/home/user/common-repo</source></sources><packages><package name="tests/common" line-rate="0" branch-rate="0" complexity="0"><classes></classes></package><package name="tests" line-rate="0" branch-rate="0" complexity="0"><classes></classes></package><package name="examples" line-rate="0" branch-rate="0" complexity="0"><classes></classes></package><package name="src" line-rate="0.8924129353233831" branch-rate="0" complexity="0"><classes><class name="cache" filename="src/cache.rs" line-rate="0.9767441860465116" branch-rate="0" complexity="0"><methods/><lines><line number="67" hits="1"/><line number="69" hits="1"/><line number="70" hits="1"/><line number="89" hits="1"/><line number="91" hits="1"/><line number="101" hits="4"/><line number="107" hits="12"/><line number="108" hits="1"/><line number="110" hits="6"/><line number="111" hits="2"/><line number="116" hits="2"/><line number="120" hits="4"/><line number="121" hits="0"/><line number="123" hits="4"/><line number="126" hits="2"/><line number="132" hits="1"/><line number="133" hits="5"/><line number="134" hits="1"/><line number="136" hits="2"/><line number="137" hits="1"/><line number="142" hits="1"/><line number="143" hits="4"/><line number="144" hits="1"/><line number="146" hits="2"/><line number="150" hits="1"/><line number="151" hits="4"/><line number="152" hits="1"/><line number="154" hits="2"/><line number="158" hits="1"/><line number="159" hits="4"/><line number="160" hits="1"/><line number="162" hits="2"/><line number="163" hits="1"/><line number="167" hits="1"/><line number="168" hits="4"/><line number="169" hits="1"/><line number="171" hits="2"/><line number="175" hits="1"/><line number="176" hits="4"/><line number="177" hits="1"/><line number="179" hits="2"/><line number="184" hits="1"/><line number="185" hits="1"/></lines></class><class name="config" filename="src/config.rs" line-rate="0.9153846153846154" branch-rate="0" complexity="0"><methods/><lines><line number="134" hits="1"/><line number="135" hits="2"/><line number="136" hits="1"/><line number="138" hits="1"/><line number="162" hits="1"/><line number="164" hits="3"/><line number="207" hits="1"/><line number="209" hits="3"/><line number="312" hits="1"/><line number="314" hits="1"/><line number="315" hits="1"/><line number="318" hits="2"/><line number="325" hits="1"/><line number="329" hits="1"/><line number="331" hits="1"/><line number="333" hits="3"/><line number="334" hits="2"/><line number="336" hits="2"/><line number="337" hits="1"/><line number="339" hits="1"/><line number="340" hits="1"/><line number="345" hits="1"/><line number="349" hits="1"/><line number="350" hits="1"/><line number="351" hits="6"/><line number="352" hits="1"/><line number="355" hits="6"/><line number="356" hits="1"/><line number="360" hits="1"/><line number="363" hits="1"/><line number="364" hits="1"/><line number="366" hits="1"/><line number="367" hits="1"/><line number="372" hits="1"/><line number="373" hits="2"/><line number="374" hits="5"/><line number="375" hits="1"/><line number="376" hits="0"/><line number="379" hits="3"/><line number="380" hits="2"/><line number="381" hits="5"/><line number="382" hits="3"/><line number="383" hits="1"/><line number="387" hits="2"/><line number="388" hits="1"/><line number="390" hits="2"/><line number="393" hits="1"/><line number="394" hits="1"/><line number="395" hits="1"/><line number="396" hits="3"/><line number="397" hits="2"/><line number="398" hits="2"/><line number="399" hits="1"/><line number="401" hits="1"/><line number="402" hits="1"/><line number="406" hits="1"/><line number="409" hits="1"/><line number="410" hits="1"/><line number="415" hits="0"/><line number="418" hits="1"/><line number="419" hits="1"/><line number="420" hits="1"/><line number="421" hits="1"/><line number="422" hits="1"/><line number="423" hits="1"/><line number="427" hits="2"/><line number="428" hits="2"/><line number="429" hits="1"/><line number="430" hits="1"/><line number="433" hits="2"/><line number="434" hits="2"/><line number="435" hits="1"/><line number="436" hits="1"/><line number="439" hits="2"/><line number="440" hits="2"/><line number="441" hits="1"/><line number="442" hits="1"/><line number="445" hits="2"/><line number="447" hits="2"/><line number="448" hits="0"/><line number="449" hits="0"/><line number="454" hits="2"/><line number="457" hits="4"/><line number="459" hits="2"/><line number="460" hits="1"/><line number="461" hits="5"/><line number="462" hits="1"/><line number="464" hits="1"/><line number="468" hits="1"/><line number="469" hits="1"/><line number="474" hits="2"/><line number="476" hits="2"/><line number="477" hits="2"/><line number="478" hits="1"/><line number="483" hits="2"/><line number="486" hits="4"/><line number="488" hits="2"/><line number="489" hits="1"/><line number="490" hits="1"/><line number="491" hits="5"/><line number="492" hits="1"/><line number="494" hits="1"/><line number="498" hits="1"/><line number="499" hits="1"/><line number="504" hits="2"/><line number="506" hits="2"/><line number="507" hits="0"/><line number="510" hits="2"/><line number="513" hits="1"/><line number="514" hits="1"/><line number="519" hits="2"/><line number="520" hits="3"/><line number="521" hits="0"/><line number="523" hits="2"/><line number="524" hits="3"/><line number="525" hits="0"/><line number="527" hits="2"/><line number="528" hits="3"/><line number="529" hits="0"/><line number="531" hits="2"/><line number="532" hits="3"/><line number="533" hits="0"/><line number="535" hits="2"/><line number="536" hits="3"/><line number="537" hits="0"/><line number="539" hits="1"/><line number="540" hits="2"/><line number="547" hits="1"/><line number="548" hits="1"/><line number="549" hits="0"/></lines></class><class name="error" filename="src/error.rs" line-rate="0.5" branch-rate="0" complexity="0"><methods/><lines><line number="161" hits="0"/><line number="162" hits="1"/></lines></class><class name="filesystem" filename="src/filesystem.rs" line-rate="1" branch-rate="0" complexity="0"><methods/><lines><line number="73" hits="1"/><line number="77" hits="1"/><line number="96" hits="1"/><line number="97" hits="1"/><line number="113" hits="1"/><line number="114" hits="1"/><line number="143" hits="1"/><line number="144" hits="1"/><line number="150" hits="3"/><line number="151" hits="6"/><line number="152" hits="3"/><line number="153" hits="3"/><line number="157" hits="1"/><line number="158" hits="1"/><line number="177" hits="1"/><line number="178" hits="1"/><line number="182" hits="2"/><line number="183" hits="4"/><line number="187" hits="1"/><line number="188" hits="2"/><line number="192" hits="2"/><line number="193" hits="4"/><line number="210" hits="1"/><line number="211" hits="2"/><line number="215" hits="1"/><line number="216" hits="1"/><line number="220" hits="1"/><line number="221" hits="1"/><line number="222" hits="1"/><line number="224" hits="2"/><line number="225" hits="2"/><line number="226" hits="1"/><line number="227" hits="1"/><line number="232" hits="1"/><line number="253" hits="2"/><line number="254" hits="4"/><line number="255" hits="2"/><line number="257" hits="3"/><line number="258" hits="4"/><line number="259" hits="2"/><line number="261" hits="1"/><line number="262" hits="2"/><line number="271" hits="1"/><line number="272" hits="2"/><line number="273" hits="1"/><line number="275" hits="2"/><line number="276" hits="2"/><line number="277" hits="1"/><line number="279" hits="1"/><line number="280" hits="2"/><line number="286" hits="1"/><line number="287" hits="1"/><line number="291" hits="1"/><line number="292" hits="1"/><line number="296" hits="1"/><line number="297" hits="1"/><line number="323" hits="1"/><line number="324" hits="2"/><line number="325" hits="1"/><line number="330" hits="1"/><line number="331" hits="1"/></lines></class><class name="git" filename="src/git.rs" line-rate="0.5636363636363636" branch-rate="0" complexity="0"><methods/><lines><line number="50" hits="0"/><line number="52" hits="0"/><line number="53" hits="0"/><line number="57" hits="0"/><line number="58" hits="0"/><line number="62" hits="0"/><line number="63" hits="0"/><line number="64" hits="0"/><line number="66" hits="0"/><line number="67" hits="0"/><line number="68" hits="0"/><line number="69" hits="0"/><line number="72" hits="0"/><line number="73" hits="0"/><line number="76" hits="0"/><line number="77" hits="0"/><line number="78" hits="0"/><line number="80" hits="0"/><line number="90" hits="0"/><line number="93" hits="0"/><line number="94" hits="0"/><line number="95" hits="0"/><line number="96" hits="0"/><line number="100" hits="0"/><line number="106" hits="1"/><line number="107" hits="1"/><line number="118" hits="1"/><line number="119" hits="1"/><line number="123" hits="3"/><line number="124" hits="3"/><line number="126" hits="1"/><line number="132" hits="2"/><line number="133" hits="2"/><line number="134" hits="1"/><line number="135" hits="2"/><line number="137" hits="1"/><line number="139" hits="2"/><line number="140" hits="1"/><line number="144" hits="3"/><line number="146" hits="2"/><line number="150" hits="1"/><line number="151" hits="1"/><line number="156" hits="1"/><line number="157" hits="2"/><line number="164" hits="1"/><line number="181" hits="1"/><line number="185" hits="2"/><line number="186" hits="2"/><line number="193" hits="1"/><line number="210" hits="1"/><line number="214" hits="1"/><line number="217" hits="2"/><line number="218" hits="1"/><line number="227" hits="1"/><line number="229" hits="1"/><line number="230" hits="1"/><line number="234" hits="2"/><line number="235" hits="1"/><line number="238" hits="2"/><line number="239" hits="2"/><line number="242" hits="2"/><line number="248" hits="1"/><line number="249" hits="1"/><line number="253" hits="1"/><line number="259" hits="1"/><line number="260" hits="1"/><line number="269" hits="1"/><line number="279" hits="1"/><line number="280" hits="1"/><line number="281" hits="1"/><line number="284" hits="1"/><line number="287" hits="1"/><line number="288" hits="2"/><line number="289" hits="2"/><line number="290" hits="2"/><line number="292" hits="1"/><line number="293" hits="2"/><line number="296" hits="2"/><line number="299" hits="1"/><line number="306" hits="0"/><line number="307" hits="0"/><line number="308" hits="0"/><line number="310" hits="0"/><line number="311" hits="0"/><line number="312" hits="0"/><line number="313" hits="0"/><line number="316" hits="0"/><line number="317" hits="0"/><line number="318" hits="0"/><line number="319" hits="0"/><line number="320" hits="0"/><line number="321" hits="0"/><line number="325" hits="0"/><line number="326" hits="0"/><line number="328" hits="0"/><line number="331" hits="0"/><line number="332" hits="0"/><line number="333" hits="0"/><line number="334" hits="0"/><line number="335" hits="0"/><line number="336" hits="0"/><line number="338" hits="0"/><line number="343" hits="0"/><line number="380" hits="1"/><line number="382" hits="3"/><line number="383" hits="1"/><line number="384" hits="5"/><line number="385" hits="2"/><line number="387" hits="1"/><line number="390" hits="1"/></lines></class><class name="operators" filename="src/operators.rs" line-rate="0.9932432432432432" branch-rate="0" complexity="0"><methods/><lines><line number="55" hits="1"/><line number="56" hits="2"/><line number="57" hits="1"/><line number="59" hits="3"/><line number="60" hits="2"/><line number="62" hits="2"/><line number="67" hits="1"/><line number="87" hits="1"/><line number="88" hits="2"/><line number="89" hits="1"/><line number="91" hits="3"/><line number="92" hits="2"/><line number="96" hits="1"/><line number="117" hits="1"/><line number="119" hits="1"/><line number="122" hits="3"/><line number="123" hits="1"/><line number="124" hits="1"/><line number="127" hits="1"/><line number="129" hits="2"/><line number="130" hits="2"/><line number="133" hits="2"/><line number="135" hits="2"/><line number="136" hits="1"/><line number="142" hits="2"/><line number="143" hits="2"/><line number="147" hits="1"/><line number="169" hits="1"/><line number="171" hits="1"/><line number="175" hits="2"/><line number="176" hits="2"/><line number="179" hits="1"/><line number="193" hits="1"/><line number="194" hits="2"/><line number="195" hits="1"/><line number="196" hits="1"/><line number="202" hits="1"/><line number="203" hits="3"/><line number="204" hits="2"/><line number="205" hits="1"/><line number="209" hits="1"/><line number="210" hits="2"/><line number="211" hits="2"/><line number="212" hits="2"/><line number="216" hits="1"/><line number="217" hits="1"/><line number="219" hits="1"/><line number="220" hits="1"/><line number="222" hits="1"/><line number="223" hits="1"/><line number="225" hits="1"/><line number="226" hits="1"/><line number="231" hits="1"/><line number="232" hits="1"/><line number="233" hits="1"/><line number="245" hits="1"/><line number="246" hits="1"/><line number="249" hits="1"/><line number="255" hits="1"/><line number="1358" hits="1"/><line number="1359" hits="2"/><line number="1360" hits="2"/><line number="1362" hits="3"/><line number="1363" hits="2"/><line number="1365" hits="3"/><line number="1367" hits="3"/><line number="1368" hits="1"/><line number="1375" hits="1"/><line number="1392" hits="1"/><line number="1394" hits="1"/><line number="1397" hits="2"/><line number="1398" hits="1"/><line number="1399" hits="3"/><line number="1400" hits="1"/><line number="1404" hits="2"/><line number="1405" hits="2"/><line number="1407" hits="6"/><line number="1409" hits="1"/><line number="1411" hits="2"/><line number="1417" hits="2"/><line number="1420" hits="2"/><line number="1421" hits="1"/><line number="1425" hits="1"/><line number="1439" hits="1"/><line number="1443" hits="1"/><line number="1444" hits="0"/><line number="1447" hits="1"/><line number="1449" hits="3"/><line number="1450" hits="2"/><line number="1451" hits="3"/><line number="1454" hits="1"/><line number="1455" hits="2"/><line number="1456" hits="3"/><line number="1457" hits="1"/><line number="1458" hits="2"/><line number="1459" hits="2"/><line number="1461" hits="1"/><line number="1462" hits="2"/><line number="1467" hits="2"/><line number="1468" hits="1"/><line number="1471" hits="1"/><line number="1493" hits="1"/><line number="1498" hits="2"/><line number="1499" hits="1"/><line number="1502" hits="1"/><line number="1714" hits="1"/><line number="1715" hits="2"/><line number="1716" hits="2"/><line number="1718" hits="1"/><line number="1722" hits="1"/><line number="1724" hits="1"/><line number="1726" hits="1"/><line number="1727" hits="1"/><line number="1730" hits="3"/><line number="1733" hits="3"/><line number="1734" hits="1"/><line number="1735" hits="2"/><line number="1740" hits="2"/><line number="1741" hits="1"/><line number="1742" hits="1"/><line number="1743" hits="2"/><line number="1748" hits="2"/><line number="1749" hits="2"/><line number="1752" hits="6"/><line number="1753" hits="1"/><line number="1754" hits="2"/><line number="1758" hits="6"/><line number="1759" hits="1"/><line number="1760" hits="2"/><line number="1767" hits="2"/><line number="1768" hits="1"/><line number="1769" hits="1"/><line number="1770" hits="2"/><line number="1777" hits="1"/><line number="1781" hits="1"/><line number="1788" hits="1"/><line number="1791" hits="1"/><line number="1792" hits="2"/><line number="1793" hits="2"/><line number="1794" hits="2"/><line number="1796" hits="1"/><line number="1802" hits="2"/><line number="1803" hits="2"/><line number="1804" hits="2"/><line number="1805" hits="2"/><line number="1809" hits="1"/><line number="1810" hits="1"/><line number="1811" hits="2"/></lines></class><class name="path" filename="src/path.rs" line-rate="1" branch-rate="0" complexity="0"><methods/><lines><line number="37" hits="1"/><line number="38" hits="1"/><line number="39" hits="2"/><line number="75" hits="1"/><line number="76" hits="1"/><line number="77" hits="3"/><line number="79" hits="1"/><line number="80" hits="2"/><line number="82" hits="1"/><line number="83" hits="1"/><line number="84" hits="2"/><line number="85" hits="1"/><line number="86" hits="1"/><line number="87" hits="1"/><line number="88" hits="1"/><line number="89" hits="1"/><line number="95" hits="2"/><line number="99" hits="2"/><line number="100" hits="1"/><line number="101" hits="2"/><line number="102" hits="1"/><line number="103" hits="1"/><line number="105" hits="1"/><line number="107" hits="1"/><line number="147" hits="1"/><line number="148" hits="1"/><line number="149" hits="3"/><line number="150" hits="1"/><line number="151" hits="1"/><line number="152" hits="1"/><line number="153" hits="1"/><line number="154" hits="1"/><line number="155" hits="1"/><line number="156" hits="1"/><line number="157" hits="1"/><line number="158" hits="1"/><line number="160" hits="2"/><line number="162" hits="1"/></lines></class><class name="repository" filename="src/repository.rs" line-rate="0.7111111111111111" branch-rate="0" complexity="0"><methods/><lines><line number="59" hits="5"/><line number="61" hits="5"/><line number="69" hits="5"/><line number="75" hits="5"/><line number="88" hits="0"/><line number="89" hits="0"/><line number="92" hits="0"/><line number="93" hits="0"/><line number="106" hits="1"/><line number="112" hits="0"/><line number="113" hits="0"/><line number="116" hits="1"/><line number="117" hits="1"/><line number="120" hits="0"/><line number="121" hits="0"/><line number="124" hits="1"/><line number="125" hits="1"/><line number="128" hits="0"/><line number="129" hits="0"/><line number="132" hits="1"/><line number="133" hits="1"/><line number="151" hits="0"/><line number="153" hits="0"/><line number="154" hits="0"/><line number="163" hits="1"/><line number="179" hits="1"/><line number="180" hits="1"/><line number="191" hits="1"/><line number="197" hits="1"/><line number="200" hits="2"/><line number="202" hits="2"/><line number="206" hits="2"/><line number="214" hits="1"/><line number="215" hits="1"/><line number="224" hits="1"/><line number="230" hits="1"/><line number="233" hits="2"/><line number="236" hits="1"/><line number="241" hits="1"/><line number="242" hits="1"/><line number="248" hits="1"/><line number="249" hits="1"/><line number="250" hits="2"/><line number="255" hits="1"/><line number="256" hits="1"/></lines></class><class name="version" filename="src/version.rs" line-rate="0.5694444444444444" branch-rate="0" complexity="0"><methods/><lines><line number="66" hits="0"/><line number="67" hits="0"/><line number="70" hits="0"/><line number="72" hits="0"/><line number="73" hits="0"/><line number="74" hits="0"/><line number="77" hits="0"/><line number="81" hits="0"/><line number="82" hits="0"/><line number="85" hits="0"/><line number="88" hits="0"/><line number="91" hits="0"/><line number="93" hits="0"/><line number="94" hits="0"/><line number="95" hits="0"/><line number="97" hits="0"/><line number="98" hits="0"/><line number="100" hits="0"/><line number="101" hits="0"/><line number="104" hits="0"/><line number="107" hits="0"/><line number="108" hits="0"/><line number="110" hits="0"/><line number="125" hits="0"/><line number="126" hits="0"/><line number="127" hits="0"/><line number="128" hits="0"/><line number="129" hits="0"/><line number="130" hits="0"/><line number="131" hits="0"/><line number="136" hits="1"/><line number="137" hits="3"/><line number="139" hits="2"/><line number="140" hits="2"/><line number="141" hits="2"/><line number="143" hits="1"/><line number="144" hits="1"/><line number="145" hits="1"/><line number="147" hits="1"/><line number="150" hits="0"/><line number="154" hits="1"/><line number="159" hits="1"/><line number="160" hits="1"/><line number="161" hits="2"/><line number="162" hits="1"/><line number="163" hits="3"/><line number="164" hits="3"/><line number="170" hits="1"/><line number="174" hits="1"/><line number="177" hits="1"/><line number="179" hits="1"/><line number="181" hits="3"/><line number="184" hits="3"/><line number="189" hits="1"/><line number="190" hits="1"/><line number="192" hits="2"/><line number="193" hits="2"/><line number="194" hits="4"/><line number="195" hits="1"/><line number="196" hits="3"/><line number="197" hits="1"/><line number="200" hits="2"/><line number="206" hits="1"/><line number="210" hits="1"/><line number="211" hits="1"/><line number="214" hits="2"/><line number="216" hits="1"/><line number="219" hits="1"/><line number="220" hits="2"/><line number="221" hits="2"/><line number="222" hits="1"/><line number="224" hits="1"/></lines></class></classes></package><package name="src/commands" line-rate="0" branch-rate="0" complexity="0"><classes><class name="tree" filename="src/commands/tree.rs" line-rate="0" branch-rate="0" complexity="0"><methods/><lines><line number="121" hits="0"/></lines></class></classes></package><package name="src/merge" line-rate="0.9627831715210357" branch-rate="0" complexity="0"><classes><class name="ini" filename="src/merge/ini.rs" line-rate="1" branch-rate="0" complexity="0"><methods/><lines><line number="65" hits="1"/><line number="66" hits="1"/><line number="68" hits="1"/><line number="69" hits="1"/><line number="71" hits="1"/><line number="73" hits="2"/><line number="74" hits="2"/><line number="75" hits="1"/><line number="79" hits="3"/><line number="80" hits="3"/><line number="81" hits="2"/><line number="83" hits="2"/><line number="84" hits="2"/><line number="85" hits="1"/><line number="87" hits="1"/><line number="88" hits="3"/><line number="89" hits="1"/><line number="90" hits="2"/><line number="91" hits="1"/><line number="92" hits="1"/><line number="96" hits="2"/><line number="97" hits="2"/><line number="100" hits="1"/><line number="113" hits="1"/><line number="114" hits="3"/><line number="127" hits="1"/><line number="128" hits="6"/><line number="129" hits="1"/><line number="131" hits="1"/><line number="132" hits="1"/><line number="133" hits="1"/><line number="135" hits="1"/><line number="148" hits="1"/><line number="149" hits="1"/><line number="151" hits="2"/><line number="152" hits="2"/><line number="153" hits="1"/><line number="154" hits="1"/><line number="155" hits="1"/><line number="158" hits="2"/><line number="159" hits="2"/><line number="160" hits="1"/><line number="161" hits="1"/><line number="162" hits="1"/><line number="165" hits="1"/><line number="166" hits="1"/><line number="170" hits="1"/><line number="194" hits="1"/><line number="195" hits="1"/><line number="196" hits="2"/><line number="198" hits="2"/><line number="199" hits="2"/><line number="202" hits="1"/><line number="208" hits="1"/><line number="209" hits="1"/><line number="210" hits="1"/><line number="212" hits="2"/><line number="213" hits="2"/><line number="215" hits="1"/><line number="216" hits="3"/><line number="218" hits="1"/><line number="223" hits="1"/><line number="224" hits="1"/><line number="227" hits="3"/><line number="229" hits="1"/><line number="231" hits="3"/><line number="234" hits="1"/><line number="238" hits="1"/><line number="239" hits="1"/><line number="241" hits="2"/><line number="244" hits="1"/><line number="245" hits="2"/><line number="249" hits="2"/><line number="250" hits="1"/><line number="251" hits="1"/><line number="257" hits="2"/><line number="258" hits="2"/><line number="259" hits="1"/><line number="264" hits="2"/><line number="265" hits="2"/><line number="270" hits="1"/><line number="271" hits="1"/><line number="272" hits="3"/><line number="273" hits="2"/><line number="274" hits="1"/><line number="276" hits="1"/><line number="277" hits="1"/><line number="278" hits="1"/><line number="283" hits="1"/><line number="284" hits="2"/><line number="285" hits="2"/><line number="286" hits="2"/><line number="287" hits="2"/><line number="288" hits="1"/><line number="292" hits="1"/><line number="296" hits="1"/><line number="297" hits="2"/><line number="298" hits="2"/><line number="300" hits="1"/><line number="303" hits="1"/><line number="304" hits="1"/><line number="305" hits="2"/></lines></class><class name="json" filename="src/merge/json.rs" line-rate="0.9693877551020408" branch-rate="0" complexity="0"><methods/><lines><line number="52" hits="1"/><line number="56" hits="1"/><line number="57" hits="2"/><line number="58" hits="1"/><line number="59" hits="1"/><line number="60" hits="1"/><line number="61" hits="1"/><line number="62" hits="1"/><line number="63" hits="2"/><line number="67" hits="2"/><line number="68" hits="1"/><line number="71" hits="1"/><line number="72" hits="2"/><line number="73" hits="1"/><line number="74" hits="2"/><line number="76" hits="1"/><line number="77" hits="2"/><line number="78" hits="1"/><line number="79" hits="1"/><line number="80" hits="2"/><line number="84" hits="2"/><line number="85" hits="1"/><line number="88" hits="1"/><line number="89" hits="1"/><line number="90" hits="1"/><line number="92" hits="1"/><line number="97" hits="1"/><line number="113" hits="1"/><line number="119" hits="3"/><line number="121" hits="1"/><line number="122" hits="1"/><line number="123" hits="3"/><line number="124" hits="2"/><line number="125" hits="1"/><line number="126" hits="2"/><line number="127" hits="1"/><line number="128" hits="2"/><line number="129" hits="2"/><line number="130" hits="2"/><line number="131" hits="2"/><line number="133" hits="1"/><line number="134" hits="1"/><line number="135" hits="1"/><line number="137" hits="1"/><line number="140" hits="1"/><line number="142" hits="2"/><line number="143" hits="1"/><line number="145" hits="2"/><line number="146" hits="1"/><line number="149" hits="1"/><line number="153" hits="1"/><line number="156" hits="1"/><line number="157" hits="3"/><line number="158" hits="1"/><line number="159" hits="2"/><line number="161" hits="1"/><line number="162" hits="1"/><line number="163" hits="1"/><line number="165" hits="1"/><line number="168" hits="0"/><line number="171" hits="1"/><line number="174" hits="1"/><line number="199" hits="1"/><line number="200" hits="1"/><line number="201" hits="5"/><line number="204" hits="2"/><line number="206" hits="6"/><line number="208" hits="1"/><line number="209" hits="2"/><line number="212" hits="2"/><line number="213" hits="3"/><line number="214" hits="1"/><line number="216" hits="1"/><line number="217" hits="0"/><line number="218" hits="0"/><line number="221" hits="2"/><line number="226" hits="1"/><line number="227" hits="1"/><line number="228" hits="3"/><line number="229" hits="2"/><line number="230" hits="1"/><line number="232" hits="1"/><line number="233" hits="1"/><line number="234" hits="1"/><line number="239" hits="1"/><line number="240" hits="2"/><line number="241" hits="2"/><line number="242" hits="2"/><line number="243" hits="2"/><line number="244" hits="1"/><line number="248" hits="1"/><line number="252" hits="1"/><line number="253" hits="2"/><line number="254" hits="2"/><line number="256" hits="1"/><line number="259" hits="1"/><line number="260" hits="1"/><line number="261" hits="2"/></lines></class><class name="markdown" filename="src/merge/markdown.rs" line-rate="1" branch-rate="0" complexity="0"><methods/><lines><line number="43" hits="1"/><line number="44" hits="3"/><line number="45" hits="2"/><line number="46" hits="1"/><line number="48" hits="1"/><line number="64" hits="1"/><line number="65" hits="1"/><line number="66" hits="1"/><line number="85" hits="1"/><line number="86" hits="1"/><line number="87" hits="1"/><line number="89" hits="2"/><line number="90" hits="2"/><line number="91" hits="1"/><line number="96" hits="2"/><line number="97" hits="1"/><line number="99" hits="1"/><line number="100" hits="2"/><line number="101" hits="1"/><line number="102" hits="3"/><line number="103" hits="1"/><line number="104" hits="1"/><line number="110" hits="1"/><line number="125" hits="1"/><line number="126" hits="1"/><line number="127" hits="2"/><line number="128" hits="1"/><line number="153" hits="1"/><line number="154" hits="1"/><line number="155" hits="3"/><line number="157" hits="2"/><line number="158" hits="2"/><line number="159" hits="2"/><line number="161" hits="2"/><line number="162" hits="2"/><line number="164" hits="2"/><line number="165" hits="2"/><line number="166" hits="5"/><line number="167" hits="2"/><line number="169" hits="3"/><line number="170" hits="1"/><line number="172" hits="2"/><line number="174" hits="2"/><line number="175" hits="5"/><line number="176" hits="2"/><line number="178" hits="2"/><line number="181" hits="1"/><line number="182" hits="1"/><line number="183" hits="1"/><line number="184" hits="2"/><line number="191" hits="1"/><line number="192" hits="2"/><line number="193" hits="1"/><line number="194" hits="1"/><line number="195" hits="4"/><line number="196" hits="2"/><line number="200" hits="2"/><line number="201" hits="3"/><line number="202" hits="1"/><line number="204" hits="2"/><line number="207" hits="3"/><line number="208" hits="1"/><line number="210" hits="2"/><line number="215" hits="2"/><line number="216" hits="2"/><line number="217" hits="2"/><line number="220" hits="2"/><line number="225" hits="1"/><line number="226" hits="1"/><line number="227" hits="3"/><line number="228" hits="2"/><line number="229" hits="1"/><line number="231" hits="1"/><line number="232" hits="1"/><line number="233" hits="1"/><line number="238" hits="1"/><line number="239" hits="2"/><line number="240" hits="2"/><line number="241" hits="2"/><line number="242" hits="2"/><line number="243" hits="1"/><line number="247" hits="1"/><line number="251" hits="1"/><line number="252" hits="2"/><line number="253" hits="2"/><line number="255" hits="1"/><line number="258" hits="1"/><line number="259" hits="1"/><line number="260" hits="2"/></lines></class><class name="mod" filename="src/merge/mod.rs" line-rate="0.88" branch-rate="0" complexity="0"><methods/><lines><line number="56" hits="1"/><line number="57" hits="1"/><line number="58" hits="1"/><line number="61" hits="1"/><line number="62" hits="1"/><line number="63" hits="2"/><line number="64" hits="1"/><line number="66" hits="1"/><line number="67" hits="1"/><line number="68" hits="1"/><line number="69" hits="1"/><line number="73" hits="1"/><line number="74" hits="1"/><line number="75" hits="1"/><line number="78" hits="2"/><line number="79" hits="1"/><line number="80" hits="1"/><line number="84" hits="2"/><line number="85" hits="2"/><line number="86" hits="1"/><line number="89" hits="2"/><line number="91" hits="3"/><line number="92" hits="2"/><line number="93" hits="1"/><line number="94" hits="1"/><line number="96" hits="2"/><line number="97" hits="1"/><line number="98" hits="0"/><line number="99" hits="0"/><line number="100" hits="1"/><line number="101" hits="0"/><line number="102" hits="1"/><line number="103" hits="2"/><line number="104" hits="2"/><line number="107" hits="0"/><line number="109" hits="2"/><line number="113" hits="1"/><line number="115" hits="1"/><line number="116" hits="2"/><line number="117" hits="1"/><line number="118" hits="1"/><line number="121" hits="1"/><line number="124" hits="3"/><line number="125" hits="1"/><line number="126" hits="0"/><line number="127" hits="0"/><line number="131" hits="2"/><line number="135" hits="2"/><line number="136" hits="2"/><line number="139" hits="1"/></lines></class><class name="toml" filename="src/merge/toml.rs" line-rate="0.9440993788819876" branch-rate="0" complexity="0"><methods/><lines><line number="52" hits="1"/><line number="53" hits="1"/><line number="54" hits="1"/><line number="57" hits="1"/><line number="58" hits="1"/><line number="59" hits="2"/><line number="61" hits="1"/><line number="62" hits="1"/><line number="64" hits="2"/><line number="65" hits="1"/><line number="66" hits="1"/><line number="70" hits="2"/><line number="71" hits="2"/><line number="72" hits="1"/><line number="75" hits="2"/><line number="77" hits="3"/><line number="78" hits="2"/><line number="79" hits="1"/><line number="80" hits="1"/><line number="82" hits="2"/><line number="83" hits="2"/><line number="84" hits="1"/><line number="85" hits="1"/><line number="86" hits="2"/><line number="87" hits="1"/><line number="88" hits="1"/><line number="89" hits="2"/><line number="90" hits="2"/><line number="93" hits="0"/><line number="95" hits="2"/><line number="99" hits="1"/><line number="101" hits="1"/><line number="102" hits="2"/><line number="103" hits="1"/><line number="104" hits="1"/><line number="107" hits="1"/><line number="110" hits="3"/><line number="111" hits="1"/><line number="112" hits="2"/><line number="113" hits="1"/><line number="117" hits="2"/><line number="121" hits="2"/><line number="122" hits="2"/><line number="125" hits="1"/><line number="148" hits="1"/><line number="152" hits="1"/><line number="153" hits="2"/><line number="154" hits="1"/><line number="155" hits="1"/><line number="156" hits="1"/><line number="157" hits="1"/><line number="158" hits="1"/><line number="159" hits="2"/><line number="163" hits="1"/><line number="164" hits="2"/><line number="165" hits="1"/><line number="166" hits="2"/><line number="168" hits="1"/><line number="169" hits="1"/><line number="170" hits="1"/><line number="171" hits="1"/><line number="172" hits="2"/><line number="176" hits="1"/><line number="177" hits="1"/><line number="178" hits="1"/><line number="180" hits="1"/><line number="184" hits="1"/><line number="202" hits="1"/><line number="212" hits="1"/><line number="213" hits="1"/><line number="214" hits="3"/><line number="215" hits="2"/><line number="216" hits="1"/><line number="217" hits="1"/><line number="219" hits="1"/><line number="222" hits="2"/><line number="223" hits="1"/><line number="224" hits="1"/><line number="226" hits="1"/><line number="227" hits="2"/><line number="228" hits="3"/><line number="229" hits="1"/><line number="231" hits="2"/><line number="233" hits="1"/><line number="234" hits="0"/><line number="238" hits="2"/><line number="241" hits="2"/><line number="242" hits="1"/><line number="243" hits="1"/><line number="249" hits="0"/><line number="253" hits="2"/><line number="256" hits="0"/><line number="264" hits="0"/><line number="267" hits="2"/><line number="271" hits="1"/><line number="278" hits="1"/><line number="281" hits="1"/><line number="282" hits="3"/><line number="283" hits="1"/><line number="285" hits="1"/><line number="288" hits="1"/><line number="292" hits="1"/><line number="295" hits="2"/><line number="296" hits="1"/><line number="297" hits="1"/><line number="303" hits="1"/><line number="310" hits="1"/><line number="313" hits="1"/><line number="314" hits="1"/><line number="322" hits="1"/><line number="330" hits="1"/><line number="331" hits="1"/><line number="332" hits="1"/><line number="333" hits="1"/><line number="334" hits="1"/><line number="335" hits="1"/><line number="336" hits="1"/><line number="337" hits="1"/><line number="338" hits="1"/><line number="363" hits="1"/><line number="364" hits="1"/><line number="365" hits="3"/><line number="367" hits="4"/><line number="369" hits="6"/><line number="370" hits="1"/><line number="371" hits="2"/><line number="374" hits="2"/><line number="375" hits="2"/><line number="376" hits="1"/><line number="377" hits="1"/><line number="379" hits="1"/><line number="382" hits="2"/><line number="383" hits="0"/><line number="384" hits="0"/><line number="388" hits="2"/><line number="390" hits="2"/><line number="391" hits="0"/><line number="392" hits="0"/><line number="396" hits="2"/><line number="401" hits="1"/><line number="402" hits="1"/><line number="403" hits="3"/><line number="404" hits="2"/><line number="405" hits="1"/><line number="407" hits="1"/><line number="408" hits="1"/><line number="409" hits="1"/><line number="414" hits="1"/><line number="415" hits="2"/><line number="416" hits="2"/><line number="417" hits="2"/><line number="418" hits="2"/><line number="419" hits="1"/><line number="423" hits="1"/><line number="427" hits="1"/><line number="428" hits="2"/><line number="429" hits="2"/><line number="431" hits="1"/><line number="434" hits="1"/><line number="435" hits="1"/><line number="436" hits="2"/></lines></class><class name="yaml" filename="src/merge/yaml.rs" line-rate="0.9576271186440678" branch-rate="0" complexity="0"><methods/><lines><line number="54" hits="1"/><line number="58" hits="1"/><line number="59" hits="2"/><line number="60" hits="1"/><line number="61" hits="1"/><line number="62" hits="1"/><line number="63" hits="1"/><line number="64" hits="1"/><line number="65" hits="2"/><line number="69" hits="2"/><line number="70" hits="1"/><line number="73" hits="1"/><line number="74" hits="2"/><line number="75" hits="1"/><line number="76" hits="2"/><line number="78" hits="1"/><line number="79" hits="2"/><line number="80" hits="1"/><line number="81" hits="1"/><line number="82" hits="2"/><line number="86" hits="2"/><line number="87" hits="1"/><line number="90" hits="1"/><line number="91" hits="1"/><line number="92" hits="1"/><line number="94" hits="1"/><line number="99" hits="1"/><line number="117" hits="1"/><line number="125" hits="1"/><line number="126" hits="1"/><line number="127" hits="3"/><line number="128" hits="2"/><line number="129" hits="1"/><line number="130" hits="1"/><line number="131" hits="1"/><line number="133" hits="2"/><line number="134" hits="2"/><line number="136" hits="2"/><line number="139" hits="2"/><line number="140" hits="3"/><line number="141" hits="2"/><line number="142" hits="3"/><line number="143" hits="3"/><line number="144" hits="1"/><line number="146" hits="2"/><line number="149" hits="0"/><line number="153" hits="2"/><line number="156" hits="2"/><line number="157" hits="1"/><line number="158" hits="1"/><line number="164" hits="3"/><line number="168" hits="2"/><line number="171" hits="0"/><line number="179" hits="2"/><line number="182" hits="2"/><line number="186" hits="2"/><line number="193" hits="1"/><line number="196" hits="1"/><line number="197" hits="3"/><line number="198" hits="1"/><line number="200" hits="1"/><line number="203" hits="0"/><line number="211" hits="1"/><line number="214" hits="2"/><line number="215" hits="1"/><line number="216" hits="1"/><line number="222" hits="2"/><line number="229" hits="1"/><line number="232" hits="1"/><line number="233" hits="2"/><line number="241" hits="1"/><line number="249" hits="1"/><line number="250" hits="1"/><line number="251" hits="1"/><line number="252" hits="1"/><line number="253" hits="1"/><line number="254" hits="1"/><line number="255" hits="1"/><line number="256" hits="1"/><line number="257" hits="1"/><line number="282" hits="1"/><line number="283" hits="1"/><line number="284" hits="5"/><line number="287" hits="2"/><line number="289" hits="6"/><line number="291" hits="1"/><line number="292" hits="2"/><line number="295" hits="2"/><line number="296" hits="1"/><line number="297" hits="3"/><line number="298" hits="1"/><line number="299" hits="1"/><line number="301" hits="1"/><line number="302" hits="0"/><line number="303" hits="0"/><line number="306" hits="2"/><line number="311" hits="1"/><line number="312" hits="1"/><line number="313" hits="3"/><line number="314" hits="2"/><line number="315" hits="1"/><line number="317" hits="1"/><line number="318" hits="1"/><line number="319" hits="1"/><line number="324" hits="1"/><line number="325" hits="2"/><line number="326" hits="2"/><line number="327" hits="2"/><line number="328" hits="2"/><line number="329" hits="1"/><line number="333" hits="1"/><line number="337" hits="1"/><line number="338" hits="2"/><line number="339" hits="2"/><line number="341" hits="1"/><line number="344" hits="1"/><line number="345" hits="1"/><line number="346" hits="2"/></lines></class></classes></package><package name="tests/testdata/deep-repo-4/src" line-rate="0" branch-rate="0" complexity="0"><classes></classes></package><package name="src/phases" line-rate="0.8735294117647059" branch-rate="0" complexity="0"><classes><class name="composite" filename="src/phases/composite.rs" line-rate="1" branch-rate="0" complexity="0"><methods/><lines><line number="44" hits="1"/><line number="49" hits="1"/><line number="50" hits="2"/><line number="51" hits="2"/><line number="52" hits="1"/><line number="54" hits="1"/><line number="60" hits="1"/><line number="61" hits="3"/><line number="62" hits="2"/><line number="63" hits="2"/><line number="64" hits="1"/><line number="69" hits="1"/><line number="70" hits="2"/><line number="71" hits="2"/><line number="72" hits="2"/><line number="75" hits="1"/><line number="76" hits="1"/><line number="77" hits="1"/><line number="82" hits="1"/><line number="83" hits="2"/><line number="91" hits="1"/><line number="99" hits="1"/><line number="100" hits="2"/><line number="101" hits="1"/><line number="103" hits="1"/><line number="110" hits="1"/><line number="111" hits="1"/><line number="112" hits="1"/><line number="113" hits="1"/><line number="114" hits="1"/><line number="115" hits="1"/><line number="116" hits="1"/><line number="117" hits="1"/><line number="121" hits="1"/><line number="122" hits="1"/></lines></class><class name="discovery" filename="src/phases/discovery.rs" line-rate="0.9215686274509803" branch-rate="0" complexity="0"><methods/><lines><line number="46" hits="0"/><line number="51" hits="0"/><line number="52" hits="0"/><line number="53" hits="0"/><line number="60" hits="1"/><line number="62" hits="1"/><line number="65" hits="1"/><line number="68" hits="1"/><line number="69" hits="2"/><line number="71" hits="1"/><line number="78" hits="1"/><line number="84" hits="1"/><line number="86" hits="4"/><line number="88" hits="2"/><line number="89" hits="2"/><line number="92" hits="2"/><line number="98" hits="2"/><line number="101" hits="1"/><line number="102" hits="1"/><line number="104" hits="2"/><line number="107" hits="2"/><line number="113" hits="2"/><line number="114" hits="2"/><line number="115" hits="1"/><line number="119" hits="3"/><line number="120" hits="2"/><line number="123" hits="1"/><line number="128" hits="2"/><line number="133" hits="1"/><line number="136" hits="0"/><line number="140" hits="1"/><line number="141" hits="1"/><line number="145" hits="1"/><line number="151" hits="1"/><line number="154" hits="2"/><line number="155" hits="2"/><line number="158" hits="1"/><line number="159" hits="0"/><line number="161" hits="1"/><line number="163" hits="1"/><line number="171" hits="2"/><line number="172" hits="0"/><line number="175" hits="2"/><line number="182" hits="1"/><line number="184" hits="1"/><line number="185" hits="1"/><line number="188" hits="2"/><line number="190" hits="1"/><line number="192" hits="3"/><line number="194" hits="2"/><line number="196" hits="1"/><line number="197" hits="1"/><line number="202" hits="2"/><line number="206" hits="2"/><line number="207" hits="2"/><line number="211" hits="1"/><line number="212" hits="1"/><line number="215" hits="1"/><line number="221" hits="1"/><line number="225" hits="1"/><line number="226" hits="1"/><line number="229" hits="2"/><line number="230" hits="1"/><line number="231" hits="1"/><line number="232" hits="2"/><line number="235" hits="2"/><line number="242" hits="1"/><line number="243" hits="1"/><line number="244" hits="1"/><line number="248" hits="4"/><line number="250" hits="2"/><line number="251" hits="1"/><line number="252" hits="2"/><line number="257" hits="1"/><line number="259" hits="1"/><line number="261" hits="1"/><line number="264" hits="1"/><line number="278" hits="1"/><line number="283" hits="1"/><line number="284" hits="2"/><line number="286" hits="2"/><line number="288" hits="1"/><line number="290" hits="2"/><line number="291" hits="2"/><line number="292" hits="1"/><line number="294" hits="1"/><line number="301" hits="2"/><line number="303" hits="4"/><line number="305" hits="2"/><line number="308" hits="2"/><line number="310" hits="3"/><line number="312" hits="0"/><line number="319" hits="2"/><line number="325" hits="1"/><line number="326" hits="2"/><line number="327" hits="1"/><line number="331" hits="1"/><line number="332" hits="2"/><line number="333" hits="1"/><line number="337" hits="1"/><line number="338" hits="1"/><line number="341" hits="1"/></lines></class><class name="local_merge" filename="src/phases/local_merge.rs" line-rate="0.7096774193548387" branch-rate="0" complexity="0"><methods/><lines><line number="40" hits="1"/><line number="46" hits="1"/><line number="49" hits="2"/><line number="50" hits="2"/><line number="53" hits="1"/><line number="56" hits="1"/><line number="58" hits="1"/><line number="66" hits="1"/><line number="67" hits="1"/><line number="94" hits="3"/><line number="95" hits="1"/><line number="96" hits="2"/><line number="98" hits="1"/><line number="99" hits="1"/><line number="103" hits="1"/><line number="106" hits="1"/><line number="107" hits="1"/><line number="111" hits="1"/><line number="118" hits="3"/><line number="119" hits="3"/><line number="121" hits="2"/><line number="124" hits="1"/><line number="125" hits="1"/><line number="126" hits="1"/><line number="127" hits="0"/><line number="131" hits="1"/><line number="133" hits="3"/><line number="140" hits="2"/><line number="143" hits="2"/><line number="146" hits="1"/><line number="150" hits="1"/><line number="151" hits="2"/><line number="153" hits="1"/><line number="155" hits="1"/><line number="162" hits="1"/><line number="167" hits="1"/><line number="168" hits="2"/><line number="169" hits="0"/><line number="170" hits="0"/><line number="175" hits="1"/><line number="176" hits="0"/><line number="177" hits="0"/><line number="182" hits="1"/><line number="189" hits="1"/><line number="196" hits="1"/><line number="199" hits="1"/><line number="201" hits="1"/><line number="202" hits="0"/><line number="203" hits="0"/><line number="213" hits="2"/><line number="214" hits="0"/><line number="215" hits="0"/><line number="216" hits="0"/><line number="218" hits="0"/><line number="219" hits="0"/><line number="221" hits="0"/><line number="222" hits="0"/><line number="224" hits="0"/><line number="225" hits="0"/><line number="227" hits="0"/><line number="228" hits="0"/><line number="234" hits="1"/></lines></class><class name="mod" filename="src/phases/mod.rs" line-rate="0.9230769230769231" branch-rate="0" complexity="0"><methods/><lines><line number="54" hits="1"/><line number="58" hits="1"/><line number="63" hits="1"/><line number="64" hits="1"/><line number="78" hits="1"/><line number="79" hits="1"/><line number="80" hits="1"/><line number="84" hits="1"/><line number="86" hits="1"/><line number="87" hits="1"/><line number="89" hits="2"/><line number="90" hits="1"/><line number="100" hits="1"/><line number="101" hits="1"/><line number="102" hits="1"/><line number="123" hits="1"/><line number="128" hits="1"/><line number="129" hits="1"/><line number="133" hits="1"/><line number="144" hits="1"/><line number="148" hits="1"/><line number="174" hits="1"/><line number="178" hits="0"/><line number="179" hits="0"/><line number="182" hits="1"/><line number="183" hits="1"/></lines></class><class name="orchestrator" filename="src/phases/orchestrator.rs" line-rate="0" branch-rate="0" complexity="0"><methods/><lines><line number="26" hits="0"/><line number="34" hits="0"/><line number="37" hits="0"/><line number="40" hits="0"/><line number="43" hits="0"/><line number="46" hits="0"/><line number="49" hits="0"/><line number="50" hits="0"/><line number="53" hits="0"/></lines></class><class name="ordering" filename="src/phases/ordering.rs" line-rate="1" branch-rate="0" complexity="0"><methods/><lines><line number="36" hits="1"/><line number="37" hits="1"/><line number="38" hits="1"/><line number="41" hits="1"/><line number="43" hits="1"/><line number="51" hits="1"/><line number="52" hits="1"/><line number="55" hits="2"/><line number="61" hits="2"/><line number="62" hits="2"/><line number="66" hits="1"/><line number="67" hits="1"/></lines></class><class name="processing" filename="src/phases/processing.rs" line-rate="0.9875" branch-rate="0" complexity="0"><methods/><lines><line number="55" hits="1"/><line number="60" hits="1"/><line number="63" hits="2"/><line number="65" hits="1"/><line number="69" hits="1"/><line number="77" hits="2"/><line number="78" hits="1"/><line number="82" hits="1"/><line number="83" hits="2"/><line number="84" hits="2"/><line number="85" hits="1"/><line number="88" hits="1"/><line number="92" hits="1"/><line number="98" hits="1"/><line number="101" hits="2"/><line number="102" hits="2"/><line number="104" hits="2"/><line number="107" hits="2"/><line number="108" hits="3"/><line number="109" hits="1"/><line number="110" hits="2"/><line number="111" hits="2"/><line number="113" hits="1"/><line number="116" hits="2"/><line number="117" hits="1"/><line number="118" hits="2"/><line number="119" hits="1"/><line number="120" hits="1"/><line number="121" hits="1"/><line number="126" hits="1"/><line number="127" hits="2"/><line number="128" hits="2"/><line number="131" hits="2"/><line number="132" hits="1"/><line number="133" hits="2"/><line number="134" hits="1"/><line number="135" hits="1"/><line number="136" hits="1"/><line number="141" hits="1"/><line number="143" hits="1"/><line number="145" hits="2"/><line number="146" hits="2"/><line number="147" hits="1"/><line number="151" hits="1"/><line number="158" hits="1"/><line number="161" hits="2"/><line number="162" hits="1"/><line number="163" hits="1"/><line number="176" hits="1"/><line number="177" hits="1"/><line number="178" hits="1"/><line number="181" hits="1"/><line number="182" hits="1"/><line number="185" hits="1"/><line number="187" hits="0"/><line number="193" hits="1"/><line number="194" hits="1"/><line number="195" hits="1"/><line number="197" hits="1"/><line number="198" hits="2"/><line number="199" hits="1"/><line number="204" hits="1"/><line number="205" hits="1"/><line number="206" hits="1"/><line number="208" hits="1"/><line number="209" hits="2"/><line number="211" hits="1"/><line number="212" hits="1"/><line number="214" hits="1"/><line number="215" hits="1"/><line number="219" hits="1"/><line number="221" hits="1"/><line number="223" hits="1"/><line number="228" hits="1"/><line number="230" hits="1"/><line number="234" hits="1"/><line number="238" hits="1"/><line number="242" hits="1"/><line number="246" hits="1"/><line number="250" hits="1"/></lines></class><class name="write" filename="src/phases/write.rs" line-rate="0.6428571428571429" branch-rate="0" complexity="0"><methods/><lines><line number="30" hits="1"/><line number="31" hits="2"/><line number="33" hits="1"/><line number="36" hits="2"/><line number="37" hits="2"/><line number="38" hits="0"/><line number="43" hits="2"/><line number="44" hits="0"/><line number="51" hits="1"/><line number="52" hits="1"/><line number="55" hits="0"/><line number="56" hits="0"/><line number="58" hits="0"/><line number="66" hits="1"/></lines></class></classes></package></packages></coverage>